<?xml version="1.0" encoding="UTF-8"?>
<!-- Generated by org.testng.reporters.JUnitReportReporter -->
<testsuite skipped="0" hostname="LAPTOP-C41CEKJ8" name="TestCases.loginToBankSite" tests="1" failures="0" timestamp="2021-10-06T22:34:56 IST" time="7.051" errors="0">
  <testcase name="LoginToApplication" time="7.051" classname="TestCases.loginToBankSite"/>
</testsuite> <!-- TestCases.loginToBankSite -->
